0 info it worked if it ends with ok
1 verbose cli [ '/usr/local/bin/node', '/usr/local/bin/npm', 'run', 'test' ]
2 info using npm@3.10.8
3 info using node@v7.0.0
4 verbose run-script [ 'pretest', 'test', 'posttest' ]
5 info lifecycle bank-api@1.0.0~pretest: bank-api@1.0.0
6 silly lifecycle bank-api@1.0.0~pretest: no script for pretest, continuing
7 info lifecycle bank-api@1.0.0~test: bank-api@1.0.0
8 verbose lifecycle bank-api@1.0.0~test: unsafe-perm in lifecycle true
9 verbose lifecycle bank-api@1.0.0~test: PATH: /usr/local/lib/node_modules/npm/bin/node-gyp-bin:/home/lucas/Documentos/projetos/node/bank-api/node_modules/.bin:/home/lucas/bin:/home/lucas/.local/share/umake/bin:/home/lucas/bin:/home/lucas/bin:/usr/local/share/bin:/usr/local/sbin:/usr/local/bin:/usr/sbin:/usr/bin:/sbin:/bin:/usr/games:/usr/local/games:/home/lucas/bin:/snap/bin:/home/lucas/Android/Sdk/tools:/home/lucas/lib/jdk1.8.0_101/Sdk/bin:/home/lucas/bin:/home/lucas/Android/Sdk/tools:/home/lucas/lib/jdk1.8.0_101/Sdk/bin:/home/lucas/programas/mongodb-linux-x86_64-ubuntu1604-3.2.8/bin:/opt/gradle-3.5/bin
10 verbose lifecycle bank-api@1.0.0~test: CWD: /home/lucas/Documentos/projetos/node/bank-api
11 silly lifecycle bank-api@1.0.0~test: Args: [ '-c', 'jasmine' ]
12 silly lifecycle bank-api@1.0.0~test: Returned: code: 1  signal: null
13 info lifecycle bank-api@1.0.0~test: Failed to exec test script
14 verbose stack Error: bank-api@1.0.0 test: `jasmine`
14 verbose stack Exit status 1
14 verbose stack     at EventEmitter.<anonymous> (/usr/local/lib/node_modules/npm/lib/utils/lifecycle.js:255:16)
14 verbose stack     at emitTwo (events.js:106:13)
14 verbose stack     at EventEmitter.emit (events.js:191:7)
14 verbose stack     at ChildProcess.<anonymous> (/usr/local/lib/node_modules/npm/lib/utils/spawn.js:40:14)
14 verbose stack     at emitTwo (events.js:106:13)
14 verbose stack     at ChildProcess.emit (events.js:191:7)
14 verbose stack     at maybeClose (internal/child_process.js:877:16)
14 verbose stack     at Process.ChildProcess._handle.onexit (internal/child_process.js:226:5)
15 verbose pkgid bank-api@1.0.0
16 verbose cwd /home/lucas/Documentos/projetos/node/bank-api
17 error Linux 4.4.0-98-generic
18 error argv "/usr/local/bin/node" "/usr/local/bin/npm" "run" "test"
19 error node v7.0.0
20 error npm  v3.10.8
21 error code ELIFECYCLE
22 error bank-api@1.0.0 test: `jasmine`
22 error Exit status 1
23 error Failed at the bank-api@1.0.0 test script 'jasmine'.
23 error Make sure you have the latest version of node.js and npm installed.
23 error If you do, this is most likely a problem with the bank-api package,
23 error not with npm itself.
23 error Tell the author that this fails on your system:
23 error     jasmine
23 error You can get information on how to open an issue for this project with:
23 error     npm bugs bank-api
23 error Or if that isn't available, you can get their info via:
23 error     npm owner ls bank-api
23 error There is likely additional logging output above.
24 verbose exit [ 1, true ]
